C:\USERS\Антон\DOCUMENTS\VISUAL STUDIO 2012\PROJECTS\CS1\CS3\DEBUG\MAIN1.OBJ
C:\USERS\АНТОН\DOCUMENTS\VISUAL STUDIO 2012\PROJECTS\CS1\CS3\DEBUG\VC110.PDB
C:\USERS\Антон\DOCUMENTS\VISUAL STUDIO 2012\PROJECTS\CS1\DEBUG\CS3.ILK
C:\USERS\Антон\DOCUMENTS\VISUAL STUDIO 2012\PROJECTS\CS1\DEBUG\CS3.EXE
C:\USERS\АНТОН\DOCUMENTS\VISUAL STUDIO 2012\PROJECTS\CS1\DEBUG\CS3.PDB
C:\Users\Антон\Documents\Visual Studio 2012\Projects\CS1\CS3\Debug\Main1.obj
C:\Users\Антон\Documents\Visual Studio 2012\Projects\CS1\CS3\Debug\cl.command.1.tlog
C:\Users\Антон\Documents\Visual Studio 2012\Projects\CS1\CS3\Debug\CL.read.1.tlog
C:\Users\Антон\Documents\Visual Studio 2012\Projects\CS1\CS3\Debug\CL.write.1.tlog
C:\Users\Антон\Documents\Visual Studio 2012\Projects\CS1\CS3\Debug\link-cvtres.read.1.tlog
C:\Users\Антон\Documents\Visual Studio 2012\Projects\CS1\CS3\Debug\link-cvtres.write.1.tlog
C:\Users\Антон\Documents\Visual Studio 2012\Projects\CS1\CS3\Debug\link-rc.read.1.tlog
C:\Users\Антон\Documents\Visual Studio 2012\Projects\CS1\CS3\Debug\link-rc.write.1.tlog
C:\Users\Антон\Documents\Visual Studio 2012\Projects\CS1\CS3\Debug\link.command.1.tlog
C:\Users\Антон\Documents\Visual Studio 2012\Projects\CS1\CS3\Debug\link.read.1.tlog
C:\Users\Антон\Documents\Visual Studio 2012\Projects\CS1\CS3\Debug\link.write.1.tlog
C:\Users\Антон\Documents\Visual Studio 2012\Projects\CS1\CS3\Debug\vc110.idb
C:\Users\Антон\Documents\Visual Studio 2012\Projects\CS1\CS3\Debug\vc110.pdb
C:\Users\Антон\Documents\Visual Studio 2012\Projects\CS1\Debug\CS3.pdb
C:\Users\Антон\Documents\Visual Studio 2012\Projects\CS1\Debug\CS3.exe
C:\Users\Антон\Documents\Visual Studio 2012\Projects\CS1\Debug\CS3.ilk
