C:\USERS\Антон\DOCUMENTS\VISUAL STUDIO 2012\PROJECTS\CS1\CS1\DEBUG\MAIN.OBJ
C:\USERS\АНТОН\DOCUMENTS\VISUAL STUDIO 2012\PROJECTS\CS1\CS1\DEBUG\VC110.PDB
C:\USERS\Антон\DOCUMENTS\VISUAL STUDIO 2012\PROJECTS\CS1\DEBUG\CS1.ILK
C:\USERS\Антон\DOCUMENTS\VISUAL STUDIO 2012\PROJECTS\CS1\DEBUG\CS1.EXE
C:\USERS\АНТОН\DOCUMENTS\VISUAL STUDIO 2012\PROJECTS\CS1\DEBUG\CS1.PDB
C:\Users\Антон\Documents\Visual Studio 2012\Projects\CS1\CS1\Debug\Main.obj
C:\Users\Антон\Documents\Visual Studio 2012\Projects\CS1\CS1\Debug\cl.command.1.tlog
C:\Users\Антон\Documents\Visual Studio 2012\Projects\CS1\CS1\Debug\CL.read.1.tlog
C:\Users\Антон\Documents\Visual Studio 2012\Projects\CS1\CS1\Debug\CL.write.1.tlog
C:\Users\Антон\Documents\Visual Studio 2012\Projects\CS1\CS1\Debug\link-cvtres.read.1.tlog
C:\Users\Антон\Documents\Visual Studio 2012\Projects\CS1\CS1\Debug\link-cvtres.write.1.tlog
C:\Users\Антон\Documents\Visual Studio 2012\Projects\CS1\CS1\Debug\link-rc.read.1.tlog
C:\Users\Антон\Documents\Visual Studio 2012\Projects\CS1\CS1\Debug\link-rc.write.1.tlog
C:\Users\Антон\Documents\Visual Studio 2012\Projects\CS1\CS1\Debug\link.command.1.tlog
C:\Users\Антон\Documents\Visual Studio 2012\Projects\CS1\CS1\Debug\link.read.1.tlog
C:\Users\Антон\Documents\Visual Studio 2012\Projects\CS1\CS1\Debug\link.write.1.tlog
C:\Users\Антон\Documents\Visual Studio 2012\Projects\CS1\CS1\Debug\vc110.idb
C:\Users\Антон\Documents\Visual Studio 2012\Projects\CS1\CS1\Debug\vc110.pdb
C:\Users\Антон\Documents\Visual Studio 2012\Projects\CS1\Debug\CS1.pdb
C:\Users\Антон\Documents\Visual Studio 2012\Projects\CS1\Debug\CS1.exe
C:\Users\Антон\Documents\Visual Studio 2012\Projects\CS1\Debug\CS1.ilk
